$GPGGA,122058.779,4727.1888,N,01908.8642,E,0,00,,0.0,M,0.0,M,,0000*41
$GPGSA,A,1,,,,,,,,,,,,,,,*1E
$GPGSV,3,1,09,12,48,094,35,02,41,069,28,24,15,160,32,25,80,345,*7D
$GPGSV,3,2,09,29,56,235,,31,32,310,,14,20,255,,04,15,040,*7D
$GPGSV,3,3,09,10,04,064,23*46
$GPRMC,122058.779,V,4727.1888,N,01908.8642,E,,9.82,250713,,,N*6B
$LOG108,2,-1,-1,0,0,1,0,8,939*69
$GPGGA,122059.779,4727.1888,N,01908.8642,E,0,00,,0.0,M,0.0,M,,0000*40
$GPGSA,A,1,,,,,,,,,,,,,,,*1E
$GPGSV,3,1,09,12,48,094,35,02,41,069,28,24,15,160,31,25,80,345,*7E
$GPGSV,3,2,09,29,56,235,,31,32,310,,14,20,255,,04,15,040,*7D
$GPGSV,3,3,09,10,04,064,23*46
$GPRMC,122059.779,V,4727.1888,N,01908.8642,E,,9.82,250713,,,N*6A
$LOG108,2,-1,-1,0,0,1,0,8,939*69
$GPGGA,122100.779,4727.1888,N,01908.8642,E,0,00,,0.0,M,0.0,M,,0000*4D
$GPGSA,A,1,,,,,,,,,,,,,,,*1E
$GPGSV,3,1,09,12,48,094,35,02,41,069,28,24,15,160,31,25,80,345,*7E
$GPGSV,3,2,09,29,56,235,,31,32,310,,14,20,255,,04,15,040,*7D
$GPGSV,3,3,09,10,04,064,22*47
$GPRMC,122100.779,V,4727.1888,N,01908.8642,E,,9.82,250713,,,N*67
$LOG108,2,-1,-1,0,0,1,0,8,939*69
$GPGGA,122101.779,4727.1888,N,01908.8642,E,0,00,,0.0,M,0.0,M,,0000*4C
$GPGSA,A,1,,,,,,,,,,,,,,,*1E
$GPGSV,3,1,09,12,48,094,35,02,41,069,28,24,15,160,31,25,80,345,*7E
$GPGSV,3,2,09,29,56,235,,31,32,310,,14,20,255,,04,15,040,*7D
$GPGSV,3,3,09,10,04,064,22*47
$GPRMC,122101.779,V,4727.1888,N,01908.8642,E,,9.82,250713,,,N*66
$LOG108,2,-1,-1,0,0,1,0,8,939*69
$GPGGA,122102.779,4727.1888,N,01908.8642,E,0,00,,0.0,M,0.0,M,,0000*4F
$GPGSA,A,1,,,,,,,,,,,,,,,*1E
$GPGSV,3,1,09,12,48,094,35,02,41,069,28,24,15,160,31,25,80,345,*7E
$GPGSV,3,2,09,29,56,235,,31,32,310,,14,20,255,,04,15,040,*7D
$GPGSV,3,3,09,10,04,064,22*47
$GPRMC,122102.779,V,4727.1888,N,01908.8642,E,,9.82,250713,,,N*65
$LOG108,2,-1,-1,0,0,1,0,8,939*69
$GPGGA,122103.779,4727.1888,N,01908.8642,E,0,00,,0.0,M,0.0,M,,0000*4E
$GPGSA,A,1,,,,,,,,,,,,,,,*1E
$GPGSV,3,1,09,12,48,094,35,02,41,069,28,24,15,160,31,25,80,345,*7E
$GPGSV,3,2,09,29,56,235,,31,32,310,,14,20,255,,04,15,040,*7D
$GPGSV,3,3,09,10,04,064,22*47
$GPRMC,122103.779,V,4727.1888,N,01908.8642,E,,9.82,250713,,,N*64
$LOG108,2,-1,-1,0,0,1,0,8,939*69
$GPGGA,122104.779,4727.1888,N,01908.8642,E,0,00,,0.0,M,0.0,M,,0000*49
$GPGSA,A,1,,,,,,,,,,,,,,,*1E
$GPGSV,3,1,09,12,48,094,35,02,41,069,28,24,15,160,31,25,80,345,*7E
$GPGSV,3,2,09,29,56,235,,31,32,310,,14,20,255,,04,15,040,*7D
$GPGSV,3,3,09,10,04,064,22*47
$GPRMC,122104.779,V,4727.1888,N,01908.8642,E,,9.82,250713,,,N*63
$LOG108,2,-1,-1,0,0,1,0,8,939*69
$GPGGA,122105.779,4727.1888,N,01908.8642,E,0,00,,0.0,M,0.0,M,,0000*48
$GPGSA,A,1,,,,,,,,,,,,,,,*1E
$GPGSV,3,1,09,12,48,094,35,02,41,069,28,24,15,160,31,25,80,345,*7E
$GPGSV,3,2,09,29,56,235,,31,32,310,,14,20,255,,04,15,040,*7D
$GPGSV,3,3,09,10,04,064,22*47
$GPRMC,122105.779,V,4727.1888,N,01908.8642,E,,9.82,250713,,,N*62
$LOG108,2,-1,-1,0,0,1,0,8,939*69
$GPGGA,122106.779,4727.1888,N,01908.8642,E,0,00,,0.0,M,0.0,M,,0000*4B
$GPGSA,A,1,,,,,,,,,,,,,,,*1E
$GPGSV,3,1,09,12,48,094,35,02,41,069,28,24,15,160,31,25,80,345,*7E
$GPGSV,3,2,09,29,56,235,,31,32,310,,14,20,255,,04,15,040,*7D
$GPGSV,3,3,09,10,04,064,22*47
$GPRMC,122106.779,V,4727.1888,N,01908.8642,E,,9.82,250713,,,N*61
$LOG108,2,-1,-1,0,0,1,0,8,939*69
$GPGGA,122107.779,4727.1888,N,01908.8642,E,0,00,,0.0,M,0.0,M,,0000*4A
$GPGSA,A,1,,,,,,,,,,,,,,,*1E
$GPGSV,3,1,09,12,48,094,35,02,41,069,28,24,15,160,31,25,80,345,*7E
$GPGSV,3,2,09,29,56,235,,31,32,310,,14,20,255,,04,15,040,*7D
$GPGSV,3,3,09,10,04,064,22*47
$GPRMC,122107.779,V,4727.1888,N,01908.8642,E,,9.82,250713,,,N*60
$LOG108,2,-1,-1,0,0,1,0,8,939*69
$GPGGA,122108.779,4727.1888,N,01908.8642,E,0,00,,0.0,M,0.0,M,,0000*45
$GPGSA,A,1,,,,,,,,,,,,,,,*1E
$GPGSV,3,1,09,12,48,094,35,02,41,069,28,24,15,160,31,25,80,345,*7E
$GPGSV,3,2,09,29,56,235,,31,32,310,,14,20,255,,04,15,040,*7D
$GPGSV,3,3,09,10,04,064,22*47
$GPRMC,122108.779,V,4727.1888,N,01908.8642,E,,9.82,250713,,,N*6F
$LOG108,2,-1,-1,0,0,1,0,8,939*69
$GPGGA,122109.779,4727.1888,N,01908.8642,E,0,00,,0.0,M,0.0,M,,0000*44
$GPGSA,A,1,,,,,,,,,,,,,,,*1E
$GPGSV,3,1,09,12,48,094,35,02,41,069,28,24,15,160,31,25,80,345,*7E
$GPGSV,3,2,09,29,56,235,,31,32,310,,14,20,255,,04,15,040,*7D
$GPGSV,3,3,09,10,04,064,22*47
$GPRMC,122109.779,V,4727.1888,N,01908.8642,E,,9.82,250713,,,N*6E
$LOG108,2,-1,-1,0,0,1,0,8,939*69
$GPGGA,122110.779,4727.1888,N,01908.8642,E,0,00,,0.0,M,0.0,M,,0000*4C
$GPGSA,A,1,,,,,,,,,,,,,,,*1E
$GPGSV,3,1,09,12,48,094,35,02,41,069,29,24,15,160,31,25,80,345,*7F
$GPGSV,3,2,09,29,56,235,,31,32,310,,14,20,255,,04,15,040,*7D
$GPGSV,3,3,09,10,04,064,22*47
$GPRMC,122110.779,V,4727.1888,N,01908.8642,E,,9.82,250713,,,N*66
$LOG108,2,-1,-1,0,0,1,0,8,939*69
$GPGGA,122111.779,4727.1888,N,01908.8642,E,0,00,,0.0,M,0.0,M,,0000*4D
$GPGSA,A,1,,,,,,,,,,,,,,,*1E
$GPGSV,3,1,09,12,48,094,35,02,41,069,29,24,15,160,31,25,80,345,*7F
$GPGSV,3,2,09,29,56,235,,31,32,310,,14,20,255,,04,15,040,*7D
$GPGSV,3,3,09,10,04,064,22*47
$GPRMC,122111.779,V,4727.1888,N,01908.8642,E,,9.82,250713,,,N*67
$LOG108,2,-1,-1,0,0,1,0,8,939*69
$GPGGA,122112.779,4727.1888,N,01908.8642,E,0,00,,0.0,M,0.0,M,,0000*4E
$GPGSA,A,1,,,,,,,,,,,,,,,*1E
$GPGSV,3,1,09,12,48,094,35,02,41,069,29,24,15,160,31,25,80,345,*7F
$GPGSV,3,2,09,29,56,235,,31,32,310,,14,20,255,,04,15,040,*7D
$GPGSV,3,3,09,10,04,064,22*47
$GPRMC,122112.779,V,4727.1888,N,01908.8642,E,,9.82,250713,,,N*64
$LOG108,2,-1,-1,0,0,1,0,8,939*69
$GPGGA,122113.779,4727.1888,N,01908.8642,E,0,00,,0.0,M,0.0,M,,0000*4F
$GPGSA,A,1,,,,,,,,,,,,,,,*1E
$GPGSV,3,1,09,12,48,094,35,02,41,069,29,24,15,160,31,25,80,345,*7F
$GPGSV,3,2,09,29,56,235,,31,32,310,,14,20,255,,04,15,040,*7D
$GPGSV,3,3,09,10,04,064,22*47
$GPRMC,122113.779,V,4727.1888,N,01908.8642,E,,9.82,250713,,,N*65
$LOG108,2,-1,-1,0,0,1,0,8,939*69
$GPGGA,122114.779,4727.1888,N,01908.8642,E,0,03,,-41.0,M,41.0,M,,0000*66
$GPGSA,A,1,,,,,,,,,,,,,,,*1E
$GPGSV,3,1,09,12,48,094,35,02,41,069,29,24,15,160,31,25,80,345,*7F
$GPGSV,3,2,09,29,56,235,,31,32,310,,14,20,255,,04,15,040,*7D
$GPGSV,3,3,09,10,04,064,22*47
$GPRMC,122114.779,V,4727.1888,N,01908.8642,E,,9.82,250713,,,N*62
$LOG108,2,-1,-1,0,0,1,0,8,939*69
$GPGGA,122115.779,4727.1888,N,01908.8642,E,0,03,,-41.0,M,41.0,M,,0000*67
$GPGSA,A,1,,,,,,,,,,,,,,,*1E
$GPGSV,3,1,09,12,48,094,35,02,41,069,29,24,15,160,32,25,80,345,*7C
$GPGSV,3,2,09,29,56,235,,31,32,310,,14,20,255,,04,15,040,*7D
$GPGSV,3,3,09,10,04,064,22*47
$GPRMC,122115.779,V,4727.1888,N,01908.8642,E,,9.82,250713,,,N*63
$LOG108,2,-1,-1,0,0,1,0,8,939*69
$GPGGA,122116.779,4727.1888,N,01908.8642,E,0,03,,-41.0,M,41.0,M,,0000*64
$GPGSA,A,1,,,,,,,,,,,,,,,*1E
$GPGSV,3,1,09,12,48,094,35,02,41,069,29,24,15,160,32,25,80,345,*7C
$GPGSV,3,2,09,29,56,235,,31,32,310,,14,20,255,,04,15,040,*7D
$GPGSV,3,3,09,10,04,064,22*47
$GPRMC,122116.779,V,4727.1888,N,01908.8642,E,,9.82,250713,,,N*60
$LOG108,2,-1,-1,0,0,1,0,8,939*69
$GPGGA,122117.779,4727.1888,N,01908.8642,E,0,03,,-41.0,M,41.0,M,,0000*65
$GPGSA,A,1,,,,,,,,,,,,,,,*1E
$GPGSV,3,1,09,12,48,094,35,02,41,069,29,24,15,160,32,25,80,345,*7C
$GPGSV,3,2,09,29,56,235,23,31,32,310,,14,20,255,,04,15,040,*7C
$GPGSV,3,3,09,10,04,064,22*47
$GPRMC,122117.779,V,4727.1888,N,01908.8642,E,,9.82,250713,,,N*61
$LOG108,2,-1,-1,0,0,1,0,8,939*69
$GPGGA,122118.779,4727.1888,N,01908.8642,E,0,03,,-41.0,M,41.0,M,,0000*6A
$GPGSA,A,1,,,,,,,,,,,,,,,*1E
$GPGSV,3,1,09,12,48,094,35,02,41,069,29,24,15,160,33,25,80,345,*7D
$GPGSV,3,2,09,29,56,235,23,31,32,310,,14,20,255,,04,15,040,*7C
$GPGSV,3,3,09,10,04,064,22*47
$GPRMC,122118.779,V,4727.1888,N,01908.8642,E,,9.82,250713,,,N*6E
$LOG108,2,-1,-1,0,0,1,0,8,939*69
$GPGGA,122119.779,4727.1888,N,01908.8642,E,0,03,,-41.0,M,41.0,M,,0000*6B
$GPGSA,A,1,,,,,,,,,,,,,,,*1E
$GPGSV,3,1,09,12,48,094,35,02,41,069,29,24,15,160,33,25,80,345,*7D
$GPGSV,3,2,09,29,56,235,23,31,32,310,,14,20,255,,04,15,040,*7C
$GPGSV,3,3,09,10,04,064,21*44
$GPRMC,122119.779,V,4727.1888,N,01908.8642,E,,9.82,250713,,,N*6F
$LOG108,2,-1,-1,0,0,1,0,8,939*69
$GPGGA,122120.779,4727.1888,N,01908.8642,E,0,03,,-41.0,M,41.0,M,,0000*61
$GPGSA,A,1,,,,,,,,,,,,,,,*1E
$GPGSV,3,1,09,12,48,094,35,02,41,069,29,24,15,160,33,25,80,345,*7D
$GPGSV,3,2,09,29,56,235,24,31,32,310,,14,20,255,,04,15,040,*7B
$GPGSV,3,3,09,10,04,064,21*44
$GPRMC,122120.779,V,4727.1888,N,01908.8642,E,,9.82,250713,,,N*65
$LOG108,2,-1,-1,0,0,1,0,8,939*69
$GPGGA,122121.779,4727.1888,N,01908.8642,E,0,03,,-41.0,M,41.0,M,,0000*60
$GPGSA,A,1,,,,,,,,,,,,,,,*1E
$GPGSV,3,1,09,12,48,094,35,02,41,069,29,24,15,160,33,25,80,345,*7D
$GPGSV,3,2,09,29,56,235,24,31,32,310,,14,20,255,,04,15,040,*7B
$GPGSV,3,3,09,10,04,064,21*44
$GPRMC,122121.779,V,4727.1888,N,01908.8642,E,,9.82,250713,,,N*64
$LOG108,2,-1,-1,0,0,1,0,8,939*69
$GPGGA,122122.779,4727.1888,N,01908.8642,E,0,03,,-41.0,M,41.0,M,,0000*63
$GPGSA,A,1,,,,,,,,,,,,,,,*1E
$GPGSV,3,1,09,12,48,094,35,02,41,069,29,24,15,160,33,25,80,345,*7D
$GPGSV,3,2,09,29,56,235,24,31,32,310,,14,20,255,,04,15,040,*7B
$GPGSV,3,3,09,10,04,064,21*44
$GPRMC,122122.779,V,4727.1888,N,01908.8642,E,,9.82,250713,,,N*67
$LOG108,2,-1,-1,0,0,1,0,8,939*69
$GPGGA,122123.779,4727.1888,N,01908.8642,E,0,03,,-41.0,M,41.0,M,,0000*62
$GPGSA,A,1,,,,,,,,,,,,,,,*1E
$GPGSV,3,1,09,12,48,094,35,02,41,069,29,24,15,160,33,25,80,345,*7D
$GPGSV,3,2,09,29,56,235,23,31,32,310,,14,20,255,,04,15,040,*7C
$GPGSV,3,3,09,10,04,064,21*44
$GPRMC,122123.779,V,4727.1888,N,01908.8642,E,,9.82,250713,,,N*66
$LOG108,2,-1,-1,0,0,1,0,8,939*69
$GPGGA,122124.779,4727.1888,N,01908.8642,E,0,03,,-41.0,M,41.0,M,,0000*65
$GPGSA,A,1,,,,,,,,,,,,,,,*1E
$GPGSV,3,1,09,12,48,094,35,02,41,069,29,24,15,160,33,25,80,345,*7D
$GPGSV,3,2,09,29,56,235,23,31,32,310,,14,20,255,,04,15,040,*7C
$GPGSV,3,3,09,10,04,064,21*44
$GPRMC,122124.779,V,4727.1888,N,01908.8642,E,,9.82,250713,,,N*61
$LOG108,2,-1,-1,0,0,1,0,8,939*69
$GPGGA,122125.779,4727.1888,N,01908.8642,E,0,03,,-41.0,M,41.0,M,,0000*64
$GPGSA,A,1,,,,,,,,,,,,,,,*1E
$GPGSV,3,1,09,12,48,094,34,02,41,069,29,24,15,160,33,25,80,345,*7C
$GPGSV,3,2,09,29,56,235,23,31,32,310,,14,20,255,,04,15,040,*7C
$GPGSV,3,3,09,10,04,064,21*44
$GPRMC,122125.779,V,4727.1888,N,01908.8642,E,,9.82,250713,,,N*60
$LOG108,2,-1,-1,0,0,1,0,8,939*69
$GPGGA,122126.779,4727.1888,N,01908.8642,E,0,03,,-41.0,M,41.0,M,,0000*67
$GPGSA,A,1,,,,,,,,,,,,,,,*1E
$GPGSV,3,1,09,12,48,094,34,02,41,069,29,24,15,160,33,25,80,345,*7C
$GPGSV,3,2,09,29,56,235,23,31,32,310,,14,20,255,,04,15,040,*7C
$GPGSV,3,3,09,10,04,064,22*47
$GPRMC,122126.779,V,4727.1888,N,01908.8642,E,,9.82,250713,,,N*63
$LOG108,2,-1,-1,0,0,1,0,8,939*69
$GPGGA,122127.779,4727.1888,N,01908.8642,E,0,03,,-41.0,M,41.0,M,,0000*66
$GPGSA,A,1,,,,,,,,,,,,,,,*1E
$GPGSV,3,1,09,12,48,094,34,02,41,069,29,24,15,160,33,25,80,345,*7C
$GPGSV,3,2,09,29,56,235,21,31,32,310,,14,20,255,,04,15,040,*7E
$GPGSV,3,3,09,10,04,064,22*47
$GPRMC,122127.779,V,4727.1888,N,01908.8642,E,,9.82,250713,,,N*62
$LOG108,2,-1,-1,0,0,1,0,8,939*69
$GPGGA,122128.779,4727.1888,N,01908.8642,E,0,03,,-41.0,M,41.0,M,,0000*69
$GPGSA,A,1,,,,,,,,,,,,,,,*1E
$GPGSV,3,1,09,12,48,094,34,02,41,069,29,24,15,160,34,25,80,345,*7B
$GPGSV,3,2,09,29,56,235,19,31,32,310,,14,20,255,,04,15,040,*75
$GPGSV,3,3,09,10,04,064,22*47
$GPRMC,122128.779,V,4727.1888,N,01908.8642,E,,9.82,250713,,,N*6D
$LOG108,2,-1,-1,0,0,1,0,8,939*69
$GPGGA,122129.779,4727.1888,N,01908.8642,E,0,03,,-41.0,M,41.0,M,,0000*68
$GPGSA,A,1,,,,,,,,,,,,,,,*1E
$GPGSV,3,1,09,12,48,094,34,02,41,069,29,24,15,160,34,25,80,345,*7B
$GPGSV,3,2,09,29,56,235,19,31,32,310,,14,20,255,,04,15,040,*75
$GPGSV,3,3,09,10,04,064,22*47
$GPRMC,122129.779,V,4727.1888,N,01908.8642,E,,9.82,250713,,,N*6C
$LOG108,2,-1,-1,0,0,1,0,8,939*69
$GPGGA,122130.779,4727.1888,N,01908.8642,E,0,03,,-41.0,M,41.0,M,,0000*60
$GPGSA,A,1,,,,,,,,,,,,,,,*1E
$GPGSV,3,1,09,12,48,094,35,02,41,069,29,24,15,160,34,25,80,345,*7A
$GPGSV,3,2,09,29,56,235,19,31,32,310,,14,20,255,,04,15,040,*75
$GPGSV,3,3,09,10,04,064,22*47
$GPRMC,122130.779,V,4727.1888,N,01908.8642,E,,9.82,250713,,,N*64
$LOG108,2,-1,-1,0,0,1,0,8,939*69
$GPGGA,122131.779,4727.1888,N,01908.8642,E,0,03,,-41.0,M,41.0,M,,0000*61
$GPGSA,A,1,,,,,,,,,,,,,,,*1E
$GPGSV,3,1,09,12,48,094,35,02,41,069,29,24,15,160,34,25,80,345,*7A
$GPGSV,3,2,09,29,56,235,20,31,32,310,,14,20,255,,04,15,040,*7F
$GPGSV,3,3,09,10,04,064,22*47
$GPRMC,122131.779,V,4727.1888,N,01908.8642,E,,9.82,250713,,,N*65
$LOG108,2,-1,-1,0,0,1,0,8,939*69
$GPGGA,122132.779,4727.1888,N,01908.8642,E,0,03,,-41.0,M,41.0,M,,0000*62
$GPGSA,A,1,,,,,,,,,,,,,,,*1E
$GPGSV,3,1,09,12,48,094,35,02,41,069,28,24,15,160,34,25,80,345,*7B
$GPGSV,3,2,09,29,56,235,20,31,32,310,,14,20,255,,04,15,040,*7F
$GPGSV,3,3,09,10,04,064,21*44
$GPRMC,122132.779,V,4727.1888,N,01908.8642,E,,9.82,250713,,,N*66
$LOG108,2,-1,-1,0,0,1,0,8,939*69
$GPGGA,122133.779,4727.1888,N,01908.8642,E,0,03,,-41.0,M,41.0,M,,0000*63
$GPGSA,A,1,,,,,,,,,,,,,,,*1E
$GPGSV,3,1,09,12,48,094,35,02,41,069,28,24,15,160,34,25,80,345,*7B
$GPGSV,3,2,09,29,56,235,19,31,32,310,,14,20,255,,04,15,040,*75
$GPGSV,3,3,09,10,04,064,21*44
$GPRMC,122133.779,V,4727.1888,N,01908.8642,E,,9.82,250713,,,N*67
$LOG108,2,-1,-1,0,0,1,0,8,939*69
$GPGGA,122134.779,4727.1888,N,01908.8642,E,0,03,,-41.0,M,41.0,M,,0000*64
$GPGSA,A,1,,,,,,,,,,,,,,,*1E
$GPGSV,3,1,09,12,48,094,35,02,41,069,28,24,15,160,34,25,80,345,*7B
$GPGSV,3,2,09,29,56,235,19,31,32,310,,14,20,255,,04,15,040,*75
$GPGSV,3,3,09,10,04,064,21*44
$GPRMC,122134.779,V,4727.1888,N,01908.8642,E,,9.82,250713,,,N*60
$LOG108,2,-1,-1,0,0,1,0,8,939*69
$GPGGA,122135.779,4727.1888,N,01908.8642,E,0,03,,-41.0,M,41.0,M,,0000*65
$GPGSA,A,1,,,,,,,,,,,,,,,*1E
$GPGSV,3,1,09,12,48,094,35,02,41,069,28,24,15,160,34,25,80,345,*7B
$GPGSV,3,2,09,29,56,235,19,31,32,310,,14,20,255,,04,15,040,*75
$GPGSV,3,3,09,10,04,064,21*44
$GPRMC,122135.779,V,4727.1888,N,01908.8642,E,,9.82,250713,,,N*61
$LOG108,2,-1,-1,0,0,1,0,8,939*69
$GPGGA,122136.779,4727.1888,N,01908.8642,E,0,03,,-41.0,M,41.0,M,,0000*66
$GPGSA,A,1,,,,,,,,,,,,,,,*1E
$GPGSV,3,1,09,12,48,094,35,02,41,069,28,24,15,160,34,25,80,345,*7B
$GPGSV,3,2,09,29,56,235,19,31,32,310,,14,20,255,,04,15,040,*75
$GPGSV,3,3,09,10,04,064,21*44
$GPRMC,122136.779,V,4727.1888,N,01908.8642,E,,9.82,250713,,,N*62
$LOG108,2,-1,-1,0,0,1,0,8,939*69
$GPGGA,122137.779,4727.1888,N,01908.8642,E,0,03,,-41.0,M,41.0,M,,0000*67
$GPGSA,A,1,,,,,,,,,,,,,,,*1E
$GPGSV,3,1,09,12,48,094,35,02,41,069,28,24,15,160,34,25,80,345,*7B
$GPGSV,3,2,09,29,56,235,19,31,32,310,,14,20,255,,04,15,040,*75
$GPGSV,3,3,09,10,04,064,21*44
$GPRMC,122137.779,V,4727.1888,N,01908.8642,E,,9.82,250713,,,N*63
$LOG108,2,-1,-1,0,0,1,0,8,939*69
$GPGGA,122138.779,4727.1888,N,01908.8642,E,0,03,,-41.0,M,41.0,M,,0000*68
$GPGSA,A,1,,,,,,,,,,,,,,,*1E
$GPGSV,3,1,09,12,48,094,35,02,41,069,28,24,15,160,34,25,80,345,*7B
$GPGSV,3,2,09,29,56,235,19,31,32,310,,14,20,255,,04,15,040,*75
$GPGSV,3,3,09,10,04,064,21*44
$GPRMC,122138.779,V,4727.1888,N,01908.8642,E,,9.82,250713,,,N*6C
$LOG108,2,-1,-1,0,0,1,0,8,939*69

http://www.movable-type.co.uk/scripts/latlong.html

$GPGGA,122138.779,4727.1888,N,01908.8642,E,0,03,,-41.0,M,41.0,M,,0000*68
47°27.1888'N , 19°8.8642'E
47°27'11.328”N , 019°08'51.852”E
47.45312 , 19.14774

47°27.164', 19°8.895'
47°27'9.84”N (0.164*60 = 9.84), 19°8'53,7”E (0.895*60 = 53,7)
47.45273 , 19.14825 (decimal degrees)